#! /opt/homebrew/Cellar/icarus-verilog/12.0/bin/vvp
:ivl_version "12.0 (stable)";
:ivl_delay_selection "TYPICAL";
:vpi_time_precision + 0;
:vpi_module "/opt/homebrew/Cellar/icarus-verilog/12.0/lib/ivl/system.vpi";
:vpi_module "/opt/homebrew/Cellar/icarus-verilog/12.0/lib/ivl/vhdl_sys.vpi";
:vpi_module "/opt/homebrew/Cellar/icarus-verilog/12.0/lib/ivl/vhdl_textio.vpi";
:vpi_module "/opt/homebrew/Cellar/icarus-verilog/12.0/lib/ivl/v2005_math.vpi";
:vpi_module "/opt/homebrew/Cellar/icarus-verilog/12.0/lib/ivl/va_math.vpi";
S_0x15071fd50 .scope module, "test" "test" 2 207;
 .timescale 0 0;
v0x15073f510_0 .net/s "EXMEM_IR", 31 0, v0x15073ce10_0;  1 drivers
v0x15073f5e0_0 .net/s "IDEX_IR", 31 0, v0x15073d690_0;  1 drivers
v0x15073f670_0 .net/s "IFID_IR", 31 0, v0x15073dd30_0;  1 drivers
v0x15073f720_0 .net/s "MEMWB_IR", 31 0, v0x15073d520_0;  1 drivers
v0x15073f7d0_0 .net/s "PC", 31 0, v0x15073e590_0;  1 drivers
v0x15073f8e0_0 .net/s "WD", 31 0, L_0x1507418a0;  1 drivers
v0x15073f9b0_0 .var "clock", 0 0;
S_0x15071fec0 .scope module, "test_cpu" "CPU" 2 210, 2 67 0, S_0x15071fd50;
 .timescale 0 0;
    .port_info 0 /INPUT 1 "clock";
    .port_info 1 /OUTPUT 32 "PC";
    .port_info 2 /OUTPUT 32 "IFID_IR";
    .port_info 3 /OUTPUT 32 "IDEX_IR";
    .port_info 4 /OUTPUT 32 "EXMEM_IR";
    .port_info 5 /OUTPUT 32 "MEMWB_IR";
    .port_info 6 /OUTPUT 32 "WD";
L_0x15073fc10 .functor AND 1, v0x15073cd70_0, v0x15073d260_0, C4<1>, C4<1>;
L_0x1507417f0 .functor BUFZ 32, L_0x150741510, C4<00000000000000000000000000000000>, C4<00000000000000000000000000000000>, C4<00000000000000000000000000000000>;
v0x15073c930_0 .net "ALUOut", 31 0, v0x15073af30_0;  1 drivers
v0x15073ca00_0 .net "ALUctl", 3 0, v0x150706940_0;  1 drivers
v0x15073ca90_0 .net "B", 31 0, L_0x150741320;  1 drivers
v0x15073cb40_0 .net "Control", 7 0, v0x15073a270_0;  1 drivers
v0x15073cbf0 .array "DMemory", 1023 0, 31 0;
v0x15073ccc0_0 .var "EXMEM_ALUOut", 31 0;
v0x15073cd70_0 .var "EXMEM_Branch", 0 0;
v0x15073ce10_0 .var "EXMEM_IR", 31 0;
v0x15073cec0_0 .var "EXMEM_MemWrite", 0 0;
v0x15073cfd0_0 .var "EXMEM_MemtoReg", 0 0;
v0x15073d060_0 .var "EXMEM_RD2", 31 0;
v0x15073d110_0 .var "EXMEM_RegWrite", 0 0;
v0x15073d1b0_0 .var "EXMEM_Target", 31 0;
v0x15073d260_0 .var "EXMEM_Zero", 0 0;
v0x15073d300_0 .var "EXMEM_rd", 4 0;
v0x15073d3b0_0 .var "IDEX_ALUOp", 1 0;
v0x15073d470_0 .var "IDEX_ALUSrc", 0 0;
v0x15073d600_0 .var "IDEX_Branch", 0 0;
v0x15073d690_0 .var "IDEX_IR", 31 0;
v0x15073d720_0 .var "IDEX_MemWrite", 0 0;
v0x15073d7b0_0 .var "IDEX_MemtoReg", 0 0;
v0x15073d850_0 .var "IDEX_PCplus4", 31 0;
v0x15073d910_0 .var "IDEX_RD1", 31 0;
v0x15073d9a0_0 .var "IDEX_RD2", 31 0;
v0x15073da30_0 .var "IDEX_RegDst", 0 0;
v0x15073dac0_0 .var "IDEX_RegWrite", 0 0;
v0x15073db50_0 .var "IDEX_SignExt", 31 0;
v0x15073dbe0_0 .var "IDEX_rd", 4 0;
v0x15073dc80_0 .var "IDEX_rt", 4 0;
v0x15073dd30_0 .var "IFID_IR", 31 0;
v0x15073dde0_0 .var "IFID_PCplus4", 31 0;
v0x15073de90 .array "IMemory", 1023 0, 31 0;
v0x15073df30_0 .var "MEMWB_ALUOut", 31 0;
v0x15073d520_0 .var "MEMWB_IR", 31 0;
v0x15073e1c0_0 .var "MEMWB_MemOut", 31 0;
v0x15073e250_0 .var "MEMWB_MemtoReg", 0 0;
v0x15073e2e0_0 .var "MEMWB_RegWrite", 0 0;
v0x15073e390_0 .var "MEMWB_rd", 4 0;
v0x15073e440_0 .net "MemOut", 31 0, L_0x1507417f0;  1 drivers
v0x15073e4e0_0 .net "NextPC", 31 0, L_0x15073fcc0;  1 drivers
v0x15073e590_0 .var "PC", 31 0;
v0x15073e650_0 .net "PCplus4", 31 0, v0x15073b6d0_0;  1 drivers
v0x15073e700_0 .net "RD1", 31 0, L_0x150740000;  1 drivers
v0x15073e7b0_0 .net "RD2", 31 0, L_0x150740330;  1 drivers
v0x15073e860_0 .net "SignExtend", 31 0, L_0x150740910;  1 drivers
v0x15073e900_0 .net "Target", 31 0, v0x15073a7b0_0;  1 drivers
v0x15073e9c0_0 .net "Unused1", 0 0, L_0x15073fab0;  1 drivers
v0x15073ea70_0 .net "Unused2", 0 0, L_0x150740d10;  1 drivers
v0x15073eb20_0 .net "WD", 31 0, L_0x1507418a0;  alias, 1 drivers
v0x15073ebd0_0 .net "WR", 4 0, L_0x150741400;  1 drivers
v0x15073ec60_0 .net "Zero", 0 0, L_0x1507410c0;  1 drivers
v0x15073ed10_0 .net *"_ivl_15", 0 0, L_0x150740740;  1 drivers
v0x15073eda0_0 .net *"_ivl_16", 15 0, L_0x1507407e0;  1 drivers
v0x15073ee50_0 .net *"_ivl_19", 15 0, L_0x1507409d0;  1 drivers
v0x15073ef00_0 .net *"_ivl_26", 29 0, L_0x150740e70;  1 drivers
L_0x148040208 .functor BUFT 1, C4<00>, C4<0>, C4<0>, C4<0>;
v0x15073efb0_0 .net *"_ivl_28", 1 0, L_0x148040208;  1 drivers
v0x15073f060_0 .net *"_ivl_36", 31 0, L_0x150741510;  1 drivers
v0x15073f110_0 .net *"_ivl_38", 31 0, L_0x1507416d0;  1 drivers
v0x15073f1c0_0 .net *"_ivl_40", 29 0, L_0x1507415b0;  1 drivers
L_0x148040298 .functor BUFT 1, C4<00>, C4<0>, C4<0>, C4<0>;
v0x15073f270_0 .net *"_ivl_42", 1 0, L_0x148040298;  1 drivers
v0x15073f320_0 .net *"_ivl_5", 0 0, L_0x15073fc10;  1 drivers
v0x15073f3c0_0 .net "clock", 0 0, v0x15073f9b0_0;  1 drivers
L_0x15073fcc0 .functor MUXZ 32, v0x15073b6d0_0, v0x15073d1b0_0, L_0x15073fc10, C4<>;
L_0x150740420 .part v0x15073dd30_0, 21, 5;
L_0x150740540 .part v0x15073dd30_0, 16, 5;
L_0x150740620 .part v0x15073dd30_0, 26, 6;
L_0x150740740 .part v0x15073dd30_0, 15, 1;
LS_0x1507407e0_0_0 .concat [ 1 1 1 1], L_0x150740740, L_0x150740740, L_0x150740740, L_0x150740740;
LS_0x1507407e0_0_4 .concat [ 1 1 1 1], L_0x150740740, L_0x150740740, L_0x150740740, L_0x150740740;
LS_0x1507407e0_0_8 .concat [ 1 1 1 1], L_0x150740740, L_0x150740740, L_0x150740740, L_0x150740740;
LS_0x1507407e0_0_12 .concat [ 1 1 1 1], L_0x150740740, L_0x150740740, L_0x150740740, L_0x150740740;
L_0x1507407e0 .concat [ 4 4 4 4], LS_0x1507407e0_0_0, LS_0x1507407e0_0_4, LS_0x1507407e0_0_8, LS_0x1507407e0_0_12;
L_0x1507409d0 .part v0x15073dd30_0, 0, 16;
L_0x150740910 .concat [ 16 16 0 0], L_0x1507409d0, L_0x1507407e0;
L_0x150740e70 .part v0x15073db50_0, 0, 30;
L_0x150740f60 .concat [ 2 30 0 0], L_0x148040208, L_0x150740e70;
L_0x1507411e0 .part v0x15073db50_0, 0, 6;
L_0x150741320 .functor MUXZ 32, v0x15073d9a0_0, v0x15073db50_0, v0x15073d470_0, C4<>;
L_0x150741400 .functor MUXZ 5, v0x15073dc80_0, v0x15073dbe0_0, v0x15073da30_0, C4<>;
L_0x150741510 .array/port v0x15073cbf0, L_0x1507416d0;
L_0x1507415b0 .part v0x15073ccc0_0, 2, 30;
L_0x1507416d0 .concat [ 30 2 0 0], L_0x1507415b0, L_0x148040298;
L_0x1507418a0 .functor MUXZ 32, v0x15073df30_0, v0x15073e1c0_0, v0x15073e250_0, C4<>;
S_0x1507067d0 .scope module, "ALUCtrl" "ALUControl" 2 145, 2 49 0, S_0x15071fec0;
 .timescale 0 0;
    .port_info 0 /INPUT 2 "ALUOp";
    .port_info 1 /INPUT 6 "FuncCode";
    .port_info 2 /OUTPUT 4 "ALUCtl";
v0x150706940_0 .var "ALUCtl", 3 0;
v0x150739e70_0 .net "ALUOp", 1 0, v0x15073d3b0_0;  1 drivers
v0x150739f20_0 .net "FuncCode", 5 0, L_0x1507411e0;  1 drivers
E_0x150705ce0 .event anyedge, v0x150739f20_0, v0x150739e70_0;
S_0x15073a030 .scope module, "MainCtr" "MainControl" 2 130, 2 36 0, S_0x15071fec0;
 .timescale 0 0;
    .port_info 0 /INPUT 6 "Op";
    .port_info 1 /OUTPUT 8 "Control";
v0x15073a270_0 .var "Control", 7 0;
v0x15073a330_0 .net "Op", 5 0, L_0x150740620;  1 drivers
E_0x15073a230 .event anyedge, v0x15073a330_0;
S_0x15073a410 .scope module, "branch" "alu" 2 143, 2 17 0, S_0x15071fec0;
 .timescale 0 0;
    .port_info 0 /INPUT 4 "ALUctl";
    .port_info 1 /INPUT 32 "A";
    .port_info 2 /INPUT 32 "B";
    .port_info 3 /OUTPUT 32 "ALUOut";
    .port_info 4 /OUTPUT 1 "Zero";
v0x15073a700_0 .net "A", 31 0, L_0x150740f60;  1 drivers
v0x15073a7b0_0 .var "ALUOut", 31 0;
L_0x1480401c0 .functor BUFT 1, C4<0010>, C4<0>, C4<0>, C4<0>;
v0x15073a860_0 .net "ALUctl", 3 0, L_0x1480401c0;  1 drivers
v0x15073a920_0 .net "B", 31 0, v0x15073d850_0;  1 drivers
v0x15073a9d0_0 .net "Zero", 0 0, L_0x150740d10;  alias, 1 drivers
L_0x148040178 .functor BUFT 1, C4<00000000000000000000000000000000>, C4<0>, C4<0>, C4<0>;
v0x15073aab0_0 .net/2u *"_ivl_0", 31 0, L_0x148040178;  1 drivers
E_0x15073a6a0 .event anyedge, v0x15073a920_0, v0x15073a700_0, v0x15073a860_0;
L_0x150740d10 .cmp/eq 32, v0x15073a7b0_0, L_0x148040178;
S_0x15073abe0 .scope module, "ex" "alu" 2 144, 2 17 0, S_0x15071fec0;
 .timescale 0 0;
    .port_info 0 /INPUT 4 "ALUctl";
    .port_info 1 /INPUT 32 "A";
    .port_info 2 /INPUT 32 "B";
    .port_info 3 /OUTPUT 32 "ALUOut";
    .port_info 4 /OUTPUT 1 "Zero";
v0x15073ae80_0 .net "A", 31 0, v0x15073d910_0;  1 drivers
v0x15073af30_0 .var "ALUOut", 31 0;
v0x15073afe0_0 .net "ALUctl", 3 0, v0x150706940_0;  alias, 1 drivers
v0x15073b0b0_0 .net "B", 31 0, L_0x150741320;  alias, 1 drivers
v0x15073b150_0 .net "Zero", 0 0, L_0x1507410c0;  alias, 1 drivers
L_0x148040250 .functor BUFT 1, C4<00000000000000000000000000000000>, C4<0>, C4<0>, C4<0>;
v0x15073b230_0 .net/2u *"_ivl_0", 31 0, L_0x148040250;  1 drivers
E_0x15073ae20 .event anyedge, v0x15073b0b0_0, v0x15073ae80_0, v0x150706940_0;
L_0x1507410c0 .cmp/eq 32, v0x15073af30_0, L_0x148040250;
S_0x15073b360 .scope module, "fetch" "alu" 2 115, 2 17 0, S_0x15071fec0;
 .timescale 0 0;
    .port_info 0 /INPUT 4 "ALUctl";
    .port_info 1 /INPUT 32 "A";
    .port_info 2 /INPUT 32 "B";
    .port_info 3 /OUTPUT 32 "ALUOut";
    .port_info 4 /OUTPUT 1 "Zero";
v0x15073b620_0 .net "A", 31 0, v0x15073e590_0;  alias, 1 drivers
v0x15073b6d0_0 .var "ALUOut", 31 0;
L_0x148040058 .functor BUFT 1, C4<0010>, C4<0>, C4<0>, C4<0>;
v0x15073b780_0 .net "ALUctl", 3 0, L_0x148040058;  1 drivers
L_0x1480400a0 .functor BUFT 1, C4<00000000000000000000000000000100>, C4<0>, C4<0>, C4<0>;
v0x15073b840_0 .net "B", 31 0, L_0x1480400a0;  1 drivers
v0x15073b8f0_0 .net "Zero", 0 0, L_0x15073fab0;  alias, 1 drivers
L_0x148040010 .functor BUFT 1, C4<00000000000000000000000000000000>, C4<0>, C4<0>, C4<0>;
v0x15073b9d0_0 .net/2u *"_ivl_0", 31 0, L_0x148040010;  1 drivers
E_0x15073b5e0 .event anyedge, v0x15073b840_0, v0x15073b620_0, v0x15073b780_0;
L_0x15073fab0 .cmp/eq 32, v0x15073b6d0_0, L_0x148040010;
S_0x15073bb00 .scope module, "rf" "reg_file" 2 129, 2 3 0, S_0x15071fec0;
 .timescale 0 0;
    .port_info 0 /INPUT 5 "RR1";
    .port_info 1 /INPUT 5 "RR2";
    .port_info 2 /INPUT 5 "WR";
    .port_info 3 /INPUT 32 "WD";
    .port_info 4 /INPUT 1 "RegWrite";
    .port_info 5 /OUTPUT 32 "RD1";
    .port_info 6 /OUTPUT 32 "RD2";
    .port_info 7 /INPUT 1 "clock";
L_0x150740000 .functor BUFZ 32, L_0x15073fdc0, C4<00000000000000000000000000000000>, C4<00000000000000000000000000000000>, C4<00000000000000000000000000000000>;
L_0x150740330 .functor BUFZ 32, L_0x1507400f0, C4<00000000000000000000000000000000>, C4<00000000000000000000000000000000>, C4<00000000000000000000000000000000>;
v0x15073be00_0 .net "RD1", 31 0, L_0x150740000;  alias, 1 drivers
v0x15073bec0_0 .net "RD2", 31 0, L_0x150740330;  alias, 1 drivers
v0x15073bf60_0 .net "RR1", 4 0, L_0x150740420;  1 drivers
v0x15073c000_0 .net "RR2", 4 0, L_0x150740540;  1 drivers
v0x15073c0b0_0 .net "RegWrite", 0 0, v0x15073e2e0_0;  1 drivers
v0x15073c190 .array "Regs", 31 0, 31 0;
v0x15073c230_0 .net "WD", 31 0, L_0x1507418a0;  alias, 1 drivers
v0x15073c2e0_0 .net "WR", 4 0, v0x15073e390_0;  1 drivers
v0x15073c390_0 .net *"_ivl_0", 31 0, L_0x15073fdc0;  1 drivers
v0x15073c4a0_0 .net *"_ivl_10", 6 0, L_0x150740190;  1 drivers
L_0x148040130 .functor BUFT 1, C4<00>, C4<0>, C4<0>, C4<0>;
v0x15073c550_0 .net *"_ivl_13", 1 0, L_0x148040130;  1 drivers
v0x15073c600_0 .net *"_ivl_2", 6 0, L_0x15073fea0;  1 drivers
L_0x1480400e8 .functor BUFT 1, C4<00>, C4<0>, C4<0>, C4<0>;
v0x15073c6b0_0 .net *"_ivl_5", 1 0, L_0x1480400e8;  1 drivers
v0x15073c760_0 .net *"_ivl_8", 31 0, L_0x1507400f0;  1 drivers
v0x15073c810_0 .net "clock", 0 0, v0x15073f9b0_0;  alias, 1 drivers
E_0x15073bdc0 .event negedge, v0x15073c810_0;
L_0x15073fdc0 .array/port v0x15073c190, L_0x15073fea0;
L_0x15073fea0 .concat [ 5 2 0 0], L_0x150740420, L_0x1480400e8;
L_0x1507400f0 .array/port v0x15073c190, L_0x150740190;
L_0x150740190 .concat [ 5 2 0 0], L_0x150740540, L_0x148040130;
    .scope S_0x15073b360;
T_0 ;
    %wait E_0x15073b5e0;
    %load/vec4 v0x15073b780_0;
    %dup/vec4;
    %pushi/vec4 0, 0, 4;
    %cmp/u;
    %jmp/1 T_0.0, 6;
    %dup/vec4;
    %pushi/vec4 1, 0, 4;
    %cmp/u;
    %jmp/1 T_0.1, 6;
    %dup/vec4;
    %pushi/vec4 2, 0, 4;
    %cmp/u;
    %jmp/1 T_0.2, 6;
    %dup/vec4;
    %pushi/vec4 6, 0, 4;
    %cmp/u;
    %jmp/1 T_0.3, 6;
    %dup/vec4;
    %pushi/vec4 7, 0, 4;
    %cmp/u;
    %jmp/1 T_0.4, 6;
    %dup/vec4;
    %pushi/vec4 12, 0, 4;
    %cmp/u;
    %jmp/1 T_0.5, 6;
    %dup/vec4;
    %pushi/vec4 13, 0, 4;
    %cmp/u;
    %jmp/1 T_0.6, 6;
    %pushi/vec4 0, 0, 32;
    %assign/vec4 v0x15073b6d0_0, 0;
    %jmp T_0.8;
T_0.0 ;
    %load/vec4 v0x15073b620_0;
    %load/vec4 v0x15073b840_0;
    %and;
    %assign/vec4 v0x15073b6d0_0, 0;
    %jmp T_0.8;
T_0.1 ;
    %load/vec4 v0x15073b620_0;
    %load/vec4 v0x15073b840_0;
    %or;
    %assign/vec4 v0x15073b6d0_0, 0;
    %jmp T_0.8;
T_0.2 ;
    %load/vec4 v0x15073b620_0;
    %load/vec4 v0x15073b840_0;
    %add;
    %assign/vec4 v0x15073b6d0_0, 0;
    %jmp T_0.8;
T_0.3 ;
    %load/vec4 v0x15073b620_0;
    %load/vec4 v0x15073b840_0;
    %sub;
    %assign/vec4 v0x15073b6d0_0, 0;
    %jmp T_0.8;
T_0.4 ;
    %load/vec4 v0x15073b620_0;
    %load/vec4 v0x15073b840_0;
    %cmp/u;
    %flag_mov 8, 5;
    %jmp/0 T_0.9, 8;
    %pushi/vec4 1, 0, 32;
    %jmp/1 T_0.10, 8;
T_0.9 ; End of true expr.
    %pushi/vec4 0, 0, 32;
    %jmp/0 T_0.10, 8;
 ; End of false expr.
    %blend;
T_0.10;
    %assign/vec4 v0x15073b6d0_0, 0;
    %jmp T_0.8;
T_0.5 ;
    %load/vec4 v0x15073b620_0;
    %inv;
    %load/vec4 v0x15073b840_0;
    %inv;
    %and;
    %assign/vec4 v0x15073b6d0_0, 0;
    %jmp T_0.8;
T_0.6 ;
    %load/vec4 v0x15073b620_0;
    %inv;
    %load/vec4 v0x15073b840_0;
    %inv;
    %or;
    %assign/vec4 v0x15073b6d0_0, 0;
    %jmp T_0.8;
T_0.8 ;
    %pop/vec4 1;
    %jmp T_0;
    .thread T_0, $push;
    .scope S_0x15073bb00;
T_1 ;
    %pushi/vec4 0, 0, 32;
    %ix/load 4, 0, 0;
    %flag_set/imm 4, 0;
    %store/vec4a v0x15073c190, 4, 0;
    %end;
    .thread T_1;
    .scope S_0x15073bb00;
T_2 ;
    %wait E_0x15073bdc0;
    %load/vec4 v0x15073c0b0_0;
    %pad/u 32;
    %pushi/vec4 1, 0, 32;
    %cmp/e;
    %flag_get/vec4 4;
    %load/vec4 v0x15073c2e0_0;
    %pad/u 32;
    %pushi/vec4 0, 0, 32;
    %cmp/ne;
    %flag_get/vec4 4;
    %and;
    %flag_set/vec4 8;
    %jmp/0xz  T_2.0, 8;
    %load/vec4 v0x15073c230_0;
    %load/vec4 v0x15073c2e0_0;
    %pad/u 7;
    %ix/vec4 3;
    %ix/load 4, 0, 0; Constant delay
    %assign/vec4/a/d v0x15073c190, 0, 4;
T_2.0 ;
    %jmp T_2;
    .thread T_2;
    .scope S_0x15073a030;
T_3 ;
    %wait E_0x15073a230;
    %load/vec4 v0x15073a330_0;
    %dup/vec4;
    %pushi/vec4 0, 0, 6;
    %cmp/u;
    %jmp/1 T_3.0, 6;
    %dup/vec4;
    %pushi/vec4 35, 0, 6;
    %cmp/u;
    %jmp/1 T_3.1, 6;
    %dup/vec4;
    %pushi/vec4 43, 0, 6;
    %cmp/u;
    %jmp/1 T_3.2, 6;
    %dup/vec4;
    %pushi/vec4 4, 0, 6;
    %cmp/u;
    %jmp/1 T_3.3, 6;
    %dup/vec4;
    %pushi/vec4 8, 0, 6;
    %cmp/u;
    %jmp/1 T_3.4, 6;
    %jmp T_3.5;
T_3.0 ;
    %pushi/vec4 146, 0, 8;
    %assign/vec4 v0x15073a270_0, 0;
    %jmp T_3.5;
T_3.1 ;
    %pushi/vec4 112, 0, 8;
    %assign/vec4 v0x15073a270_0, 0;
    %jmp T_3.5;
T_3.2 ;
    %pushi/vec4 72, 0, 8;
    %assign/vec4 v0x15073a270_0, 0;
    %jmp T_3.5;
T_3.3 ;
    %pushi/vec4 5, 0, 8;
    %assign/vec4 v0x15073a270_0, 0;
    %jmp T_3.5;
T_3.4 ;
    %pushi/vec4 84, 0, 8;
    %assign/vec4 v0x15073a270_0, 0;
    %jmp T_3.5;
T_3.5 ;
    %pop/vec4 1;
    %jmp T_3;
    .thread T_3, $push;
    .scope S_0x15073a410;
T_4 ;
    %wait E_0x15073a6a0;
    %load/vec4 v0x15073a860_0;
    %dup/vec4;
    %pushi/vec4 0, 0, 4;
    %cmp/u;
    %jmp/1 T_4.0, 6;
    %dup/vec4;
    %pushi/vec4 1, 0, 4;
    %cmp/u;
    %jmp/1 T_4.1, 6;
    %dup/vec4;
    %pushi/vec4 2, 0, 4;
    %cmp/u;
    %jmp/1 T_4.2, 6;
    %dup/vec4;
    %pushi/vec4 6, 0, 4;
    %cmp/u;
    %jmp/1 T_4.3, 6;
    %dup/vec4;
    %pushi/vec4 7, 0, 4;
    %cmp/u;
    %jmp/1 T_4.4, 6;
    %dup/vec4;
    %pushi/vec4 12, 0, 4;
    %cmp/u;
    %jmp/1 T_4.5, 6;
    %dup/vec4;
    %pushi/vec4 13, 0, 4;
    %cmp/u;
    %jmp/1 T_4.6, 6;
    %pushi/vec4 0, 0, 32;
    %assign/vec4 v0x15073a7b0_0, 0;
    %jmp T_4.8;
T_4.0 ;
    %load/vec4 v0x15073a700_0;
    %load/vec4 v0x15073a920_0;
    %and;
    %assign/vec4 v0x15073a7b0_0, 0;
    %jmp T_4.8;
T_4.1 ;
    %load/vec4 v0x15073a700_0;
    %load/vec4 v0x15073a920_0;
    %or;
    %assign/vec4 v0x15073a7b0_0, 0;
    %jmp T_4.8;
T_4.2 ;
    %load/vec4 v0x15073a700_0;
    %load/vec4 v0x15073a920_0;
    %add;
    %assign/vec4 v0x15073a7b0_0, 0;
    %jmp T_4.8;
T_4.3 ;
    %load/vec4 v0x15073a700_0;
    %load/vec4 v0x15073a920_0;
    %sub;
    %assign/vec4 v0x15073a7b0_0, 0;
    %jmp T_4.8;
T_4.4 ;
    %load/vec4 v0x15073a700_0;
    %load/vec4 v0x15073a920_0;
    %cmp/u;
    %flag_mov 8, 5;
    %jmp/0 T_4.9, 8;
    %pushi/vec4 1, 0, 32;
    %jmp/1 T_4.10, 8;
T_4.9 ; End of true expr.
    %pushi/vec4 0, 0, 32;
    %jmp/0 T_4.10, 8;
 ; End of false expr.
    %blend;
T_4.10;
    %assign/vec4 v0x15073a7b0_0, 0;
    %jmp T_4.8;
T_4.5 ;
    %load/vec4 v0x15073a700_0;
    %inv;
    %load/vec4 v0x15073a920_0;
    %inv;
    %and;
    %assign/vec4 v0x15073a7b0_0, 0;
    %jmp T_4.8;
T_4.6 ;
    %load/vec4 v0x15073a700_0;
    %inv;
    %load/vec4 v0x15073a920_0;
    %inv;
    %or;
    %assign/vec4 v0x15073a7b0_0, 0;
    %jmp T_4.8;
T_4.8 ;
    %pop/vec4 1;
    %jmp T_4;
    .thread T_4, $push;
    .scope S_0x15073abe0;
T_5 ;
    %wait E_0x15073ae20;
    %load/vec4 v0x15073afe0_0;
    %dup/vec4;
    %pushi/vec4 0, 0, 4;
    %cmp/u;
    %jmp/1 T_5.0, 6;
    %dup/vec4;
    %pushi/vec4 1, 0, 4;
    %cmp/u;
    %jmp/1 T_5.1, 6;
    %dup/vec4;
    %pushi/vec4 2, 0, 4;
    %cmp/u;
    %jmp/1 T_5.2, 6;
    %dup/vec4;
    %pushi/vec4 6, 0, 4;
    %cmp/u;
    %jmp/1 T_5.3, 6;
    %dup/vec4;
    %pushi/vec4 7, 0, 4;
    %cmp/u;
    %jmp/1 T_5.4, 6;
    %dup/vec4;
    %pushi/vec4 12, 0, 4;
    %cmp/u;
    %jmp/1 T_5.5, 6;
    %dup/vec4;
    %pushi/vec4 13, 0, 4;
    %cmp/u;
    %jmp/1 T_5.6, 6;
    %pushi/vec4 0, 0, 32;
    %assign/vec4 v0x15073af30_0, 0;
    %jmp T_5.8;
T_5.0 ;
    %load/vec4 v0x15073ae80_0;
    %load/vec4 v0x15073b0b0_0;
    %and;
    %assign/vec4 v0x15073af30_0, 0;
    %jmp T_5.8;
T_5.1 ;
    %load/vec4 v0x15073ae80_0;
    %load/vec4 v0x15073b0b0_0;
    %or;
    %assign/vec4 v0x15073af30_0, 0;
    %jmp T_5.8;
T_5.2 ;
    %load/vec4 v0x15073ae80_0;
    %load/vec4 v0x15073b0b0_0;
    %add;
    %assign/vec4 v0x15073af30_0, 0;
    %jmp T_5.8;
T_5.3 ;
    %load/vec4 v0x15073ae80_0;
    %load/vec4 v0x15073b0b0_0;
    %sub;
    %assign/vec4 v0x15073af30_0, 0;
    %jmp T_5.8;
T_5.4 ;
    %load/vec4 v0x15073ae80_0;
    %load/vec4 v0x15073b0b0_0;
    %cmp/u;
    %flag_mov 8, 5;
    %jmp/0 T_5.9, 8;
    %pushi/vec4 1, 0, 32;
    %jmp/1 T_5.10, 8;
T_5.9 ; End of true expr.
    %pushi/vec4 0, 0, 32;
    %jmp/0 T_5.10, 8;
 ; End of false expr.
    %blend;
T_5.10;
    %assign/vec4 v0x15073af30_0, 0;
    %jmp T_5.8;
T_5.5 ;
    %load/vec4 v0x15073ae80_0;
    %inv;
    %load/vec4 v0x15073b0b0_0;
    %inv;
    %and;
    %assign/vec4 v0x15073af30_0, 0;
    %jmp T_5.8;
T_5.6 ;
    %load/vec4 v0x15073ae80_0;
    %inv;
    %load/vec4 v0x15073b0b0_0;
    %inv;
    %or;
    %assign/vec4 v0x15073af30_0, 0;
    %jmp T_5.8;
T_5.8 ;
    %pop/vec4 1;
    %jmp T_5;
    .thread T_5, $push;
    .scope S_0x1507067d0;
T_6 ;
    %wait E_0x150705ce0;
    %load/vec4 v0x150739e70_0;
    %dup/vec4;
    %pushi/vec4 0, 0, 2;
    %cmp/u;
    %jmp/1 T_6.0, 6;
    %dup/vec4;
    %pushi/vec4 1, 0, 2;
    %cmp/u;
    %jmp/1 T_6.1, 6;
    %dup/vec4;
    %pushi/vec4 2, 0, 2;
    %cmp/u;
    %jmp/1 T_6.2, 6;
    %jmp T_6.3;
T_6.0 ;
    %pushi/vec4 2, 0, 4;
    %assign/vec4 v0x150706940_0, 0;
    %jmp T_6.3;
T_6.1 ;
    %pushi/vec4 6, 0, 4;
    %assign/vec4 v0x150706940_0, 0;
    %jmp T_6.3;
T_6.2 ;
    %load/vec4 v0x150739f20_0;
    %dup/vec4;
    %pushi/vec4 32, 0, 6;
    %cmp/u;
    %jmp/1 T_6.4, 6;
    %dup/vec4;
    %pushi/vec4 34, 0, 6;
    %cmp/u;
    %jmp/1 T_6.5, 6;
    %dup/vec4;
    %pushi/vec4 36, 0, 6;
    %cmp/u;
    %jmp/1 T_6.6, 6;
    %dup/vec4;
    %pushi/vec4 37, 0, 6;
    %cmp/u;
    %jmp/1 T_6.7, 6;
    %dup/vec4;
    %pushi/vec4 39, 0, 6;
    %cmp/u;
    %jmp/1 T_6.8, 6;
    %dup/vec4;
    %pushi/vec4 42, 0, 6;
    %cmp/u;
    %jmp/1 T_6.9, 6;
    %jmp T_6.10;
T_6.4 ;
    %pushi/vec4 2, 0, 4;
    %assign/vec4 v0x150706940_0, 0;
    %jmp T_6.10;
T_6.5 ;
    %pushi/vec4 6, 0, 4;
    %assign/vec4 v0x150706940_0, 0;
    %jmp T_6.10;
T_6.6 ;
    %pushi/vec4 0, 0, 4;
    %assign/vec4 v0x150706940_0, 0;
    %jmp T_6.10;
T_6.7 ;
    %pushi/vec4 1, 0, 4;
    %assign/vec4 v0x150706940_0, 0;
    %jmp T_6.10;
T_6.8 ;
    %pushi/vec4 12, 0, 4;
    %assign/vec4 v0x150706940_0, 0;
    %jmp T_6.10;
T_6.9 ;
    %pushi/vec4 7, 0, 4;
    %assign/vec4 v0x150706940_0, 0;
    %jmp T_6.10;
T_6.10 ;
    %pop/vec4 1;
    %jmp T_6.3;
T_6.3 ;
    %pop/vec4 1;
    %jmp T_6;
    .thread T_6, $push;
    .scope S_0x15071fec0;
T_7 ;
    %pushi/vec4 2349400064, 0, 32;
    %ix/load 4, 0, 0;
    %flag_set/imm 4, 0;
    %store/vec4a v0x15073de90, 4, 0;
    %pushi/vec4 2349465604, 0, 32;
    %ix/load 4, 1, 0;
    %flag_set/imm 4, 0;
    %store/vec4a v0x15073de90, 4, 0;
    %pushi/vec4 0, 0, 32;
    %ix/load 4, 2, 0;
    %flag_set/imm 4, 0;
    %store/vec4a v0x15073de90, 4, 0;
    %pushi/vec4 0, 0, 32;
    %ix/load 4, 3, 0;
    %flag_set/imm 4, 0;
    %store/vec4a v0x15073de90, 4, 0;
    %pushi/vec4 0, 0, 32;
    %ix/load 4, 4, 0;
    %flag_set/imm 4, 0;
    %store/vec4a v0x15073de90, 4, 0;
    %pushi/vec4 19552298, 0, 32;
    %ix/load 4, 5, 0;
    %flag_set/imm 4, 0;
    %store/vec4a v0x15073de90, 4, 0;
    %pushi/vec4 0, 0, 32;
    %ix/load 4, 6, 0;
    %flag_set/imm 4, 0;
    %store/vec4a v0x15073de90, 4, 0;
    %pushi/vec4 0, 0, 32;
    %ix/load 4, 7, 0;
    %flag_set/imm 4, 0;
    %store/vec4a v0x15073de90, 4, 0;
    %pushi/vec4 0, 0, 32;
    %ix/load 4, 8, 0;
    %flag_set/imm 4, 0;
    %store/vec4a v0x15073de90, 4, 0;
    %pushi/vec4 291504133, 0, 32;
    %ix/load 4, 9, 0;
    %flag_set/imm 4, 0;
    %store/vec4a v0x15073de90, 4, 0;
    %pushi/vec4 0, 0, 32;
    %ix/load 4, 10, 0;
    %flag_set/imm 4, 0;
    %store/vec4a v0x15073de90, 4, 0;
    %pushi/vec4 0, 0, 32;
    %ix/load 4, 11, 0;
    %flag_set/imm 4, 0;
    %store/vec4a v0x15073de90, 4, 0;
    %pushi/vec4 0, 0, 32;
    %ix/load 4, 12, 0;
    %flag_set/imm 4, 0;
    %store/vec4a v0x15073de90, 4, 0;
    %pushi/vec4 2886270980, 0, 32;
    %ix/load 4, 13, 0;
    %flag_set/imm 4, 0;
    %store/vec4a v0x15073de90, 4, 0;
    %pushi/vec4 2886336512, 0, 32;
    %ix/load 4, 14, 0;
    %flag_set/imm 4, 0;
    %store/vec4a v0x15073de90, 4, 0;
    %pushi/vec4 0, 0, 32;
    %ix/load 4, 15, 0;
    %flag_set/imm 4, 0;
    %store/vec4a v0x15073de90, 4, 0;
    %pushi/vec4 0, 0, 32;
    %ix/load 4, 16, 0;
    %flag_set/imm 4, 0;
    %store/vec4a v0x15073de90, 4, 0;
    %pushi/vec4 0, 0, 32;
    %ix/load 4, 17, 0;
    %flag_set/imm 4, 0;
    %store/vec4a v0x15073de90, 4, 0;
    %pushi/vec4 2349400064, 0, 32;
    %ix/load 4, 18, 0;
    %flag_set/imm 4, 0;
    %store/vec4a v0x15073de90, 4, 0;
    %pushi/vec4 2349465604, 0, 32;
    %ix/load 4, 19, 0;
    %flag_set/imm 4, 0;
    %store/vec4a v0x15073de90, 4, 0;
    %pushi/vec4 0, 0, 32;
    %ix/load 4, 20, 0;
    %flag_set/imm 4, 0;
    %store/vec4a v0x15073de90, 4, 0;
    %pushi/vec4 0, 0, 32;
    %ix/load 4, 21, 0;
    %flag_set/imm 4, 0;
    %store/vec4a v0x15073de90, 4, 0;
    %pushi/vec4 0, 0, 32;
    %ix/load 4, 22, 0;
    %flag_set/imm 4, 0;
    %store/vec4a v0x15073de90, 4, 0;
    %pushi/vec4 21647399, 0, 32;
    %ix/load 4, 23, 0;
    %flag_set/imm 4, 0;
    %store/vec4a v0x15073de90, 4, 0;
    %pushi/vec4 0, 0, 32;
    %ix/load 4, 24, 0;
    %flag_set/imm 4, 0;
    %store/vec4a v0x15073de90, 4, 0;
    %pushi/vec4 0, 0, 32;
    %ix/load 4, 25, 0;
    %flag_set/imm 4, 0;
    %store/vec4a v0x15073de90, 4, 0;
    %pushi/vec4 0, 0, 32;
    %ix/load 4, 26, 0;
    %flag_set/imm 4, 0;
    %store/vec4a v0x15073de90, 4, 0;
    %pushi/vec4 558497793, 0, 32;
    %ix/load 4, 27, 0;
    %flag_set/imm 4, 0;
    %store/vec4a v0x15073de90, 4, 0;
    %pushi/vec4 0, 0, 32;
    %ix/load 4, 28, 0;
    %flag_set/imm 4, 0;
    %store/vec4a v0x15073de90, 4, 0;
    %pushi/vec4 0, 0, 32;
    %ix/load 4, 29, 0;
    %flag_set/imm 4, 0;
    %store/vec4a v0x15073de90, 4, 0;
    %pushi/vec4 0, 0, 32;
    %ix/load 4, 30, 0;
    %flag_set/imm 4, 0;
    %store/vec4a v0x15073de90, 4, 0;
    %pushi/vec4 19552288, 0, 32;
    %ix/load 4, 31, 0;
    %flag_set/imm 4, 0;
    %store/vec4a v0x15073de90, 4, 0;
    %pushi/vec4 5, 0, 32;
    %ix/load 4, 0, 0;
    %flag_set/imm 4, 0;
    %store/vec4a v0x15073cbf0, 4, 0;
    %pushi/vec4 7, 0, 32;
    %ix/load 4, 1, 0;
    %flag_set/imm 4, 0;
    %store/vec4a v0x15073cbf0, 4, 0;
    %end;
    .thread T_7;
    .scope S_0x15071fec0;
T_8 ;
    %wait E_0x15073bdc0;
    %load/vec4 v0x15073cec0_0;
    %flag_set/vec4 8;
    %jmp/0xz  T_8.0, 8;
    %load/vec4 v0x15073d060_0;
    %load/vec4 v0x15073ccc0_0;
    %ix/load 4, 2, 0;
    %flag_set/imm 4, 0;
    %shiftr 4;
    %ix/vec4 3;
    %ix/load 4, 0, 0; Constant delay
    %assign/vec4/a/d v0x15073cbf0, 0, 4;
T_8.0 ;
    %jmp T_8;
    .thread T_8;
    .scope S_0x15071fec0;
T_9 ;
    %pushi/vec4 0, 0, 32;
    %store/vec4 v0x15073e590_0, 0, 32;
    %pushi/vec4 0, 0, 1;
    %store/vec4 v0x15073dac0_0, 0, 1;
    %pushi/vec4 0, 0, 1;
    %store/vec4 v0x15073d7b0_0, 0, 1;
    %pushi/vec4 0, 0, 1;
    %store/vec4 v0x15073d600_0, 0, 1;
    %pushi/vec4 0, 0, 1;
    %store/vec4 v0x15073d720_0, 0, 1;
    %pushi/vec4 0, 0, 1;
    %store/vec4 v0x15073d470_0, 0, 1;
    %pushi/vec4 0, 0, 1;
    %store/vec4 v0x15073da30_0, 0, 1;
    %pushi/vec4 0, 0, 2;
    %store/vec4 v0x15073d3b0_0, 0, 2;
    %pushi/vec4 0, 0, 32;
    %store/vec4 v0x15073dd30_0, 0, 32;
    %pushi/vec4 0, 0, 1;
    %store/vec4 v0x15073d110_0, 0, 1;
    %pushi/vec4 0, 0, 1;
    %store/vec4 v0x15073cfd0_0, 0, 1;
    %pushi/vec4 0, 0, 1;
    %store/vec4 v0x15073cd70_0, 0, 1;
    %pushi/vec4 0, 0, 1;
    %store/vec4 v0x15073cec0_0, 0, 1;
    %pushi/vec4 0, 0, 32;
    %store/vec4 v0x15073d1b0_0, 0, 32;
    %pushi/vec4 0, 0, 1;
    %store/vec4 v0x15073e2e0_0, 0, 1;
    %pushi/vec4 0, 0, 1;
    %store/vec4 v0x15073e250_0, 0, 1;
    %end;
    .thread T_9;
    .scope S_0x15071fec0;
T_10 ;
    %wait E_0x15073bdc0;
    %load/vec4 v0x15073e4e0_0;
    %assign/vec4 v0x15073e590_0, 0;
    %load/vec4 v0x15073e650_0;
    %assign/vec4 v0x15073dde0_0, 0;
    %load/vec4 v0x15073e590_0;
    %ix/load 5, 2, 0;
    %flag_set/imm 4, 0;
    %shiftr 5;
    %ix/vec4 4;
    %load/vec4a v0x15073de90, 4;
    %assign/vec4 v0x15073dd30_0, 0;
    %load/vec4 v0x15073dd30_0;
    %assign/vec4 v0x15073d690_0, 0;
    %load/vec4 v0x15073cb40_0;
    %split/vec4 2;
    %assign/vec4 v0x15073d3b0_0, 0;
    %split/vec4 1;
    %assign/vec4 v0x15073d600_0, 0;
    %split/vec4 1;
    %assign/vec4 v0x15073d720_0, 0;
    %split/vec4 1;
    %assign/vec4 v0x15073dac0_0, 0;
    %split/vec4 1;
    %assign/vec4 v0x15073d7b0_0, 0;
    %split/vec4 1;
    %assign/vec4 v0x15073d470_0, 0;
    %assign/vec4 v0x15073da30_0, 0;
    %load/vec4 v0x15073dde0_0;
    %assign/vec4 v0x15073d850_0, 0;
    %load/vec4 v0x15073e700_0;
    %assign/vec4 v0x15073d910_0, 0;
    %load/vec4 v0x15073e7b0_0;
    %assign/vec4 v0x15073d9a0_0, 0;
    %load/vec4 v0x15073e860_0;
    %assign/vec4 v0x15073db50_0, 0;
    %load/vec4 v0x15073dd30_0;
    %parti/s 5, 16, 6;
    %assign/vec4 v0x15073dc80_0, 0;
    %load/vec4 v0x15073dd30_0;
    %parti/s 5, 11, 5;
    %assign/vec4 v0x15073dbe0_0, 0;
    %load/vec4 v0x15073d690_0;
    %assign/vec4 v0x15073ce10_0, 0;
    %load/vec4 v0x15073dac0_0;
    %assign/vec4 v0x15073d110_0, 0;
    %load/vec4 v0x15073d7b0_0;
    %assign/vec4 v0x15073cfd0_0, 0;
    %load/vec4 v0x15073d600_0;
    %assign/vec4 v0x15073cd70_0, 0;
    %load/vec4 v0x15073d720_0;
    %assign/vec4 v0x15073cec0_0, 0;
    %load/vec4 v0x15073e900_0;
    %assign/vec4 v0x15073d1b0_0, 0;
    %load/vec4 v0x15073ec60_0;
    %assign/vec4 v0x15073d260_0, 0;
    %load/vec4 v0x15073c930_0;
    %assign/vec4 v0x15073ccc0_0, 0;
    %load/vec4 v0x15073d9a0_0;
    %assign/vec4 v0x15073d060_0, 0;
    %load/vec4 v0x15073ebd0_0;
    %assign/vec4 v0x15073d300_0, 0;
    %load/vec4 v0x15073ce10_0;
    %assign/vec4 v0x15073d520_0, 0;
    %load/vec4 v0x15073d110_0;
    %assign/vec4 v0x15073e2e0_0, 0;
    %load/vec4 v0x15073cfd0_0;
    %assign/vec4 v0x15073e250_0, 0;
    %load/vec4 v0x15073e440_0;
    %assign/vec4 v0x15073e1c0_0, 0;
    %load/vec4 v0x15073ccc0_0;
    %assign/vec4 v0x15073df30_0, 0;
    %load/vec4 v0x15073d300_0;
    %assign/vec4 v0x15073e390_0, 0;
    %jmp T_10;
    .thread T_10;
    .scope S_0x15071fd50;
T_11 ;
    %delay 1, 0;
    %load/vec4 v0x15073f9b0_0;
    %inv;
    %store/vec4 v0x15073f9b0_0, 0, 1;
    %jmp T_11;
    .thread T_11;
    .scope S_0x15071fd50;
T_12 ;
    %vpi_call 2 213 "$display", "PC   IFID_IR  IDEX_IR  EXMEM_IR MEMWB_IR  WD" {0 0 0};
    %vpi_call 2 214 "$monitor", "%3d  %h %h %h %h %2d", v0x15073f7d0_0, v0x15073f670_0, v0x15073f5e0_0, v0x15073f510_0, v0x15073f720_0, v0x15073f8e0_0 {0 0 0};
    %pushi/vec4 1, 0, 1;
    %store/vec4 v0x15073f9b0_0, 0, 1;
    %delay 69, 0;
    %vpi_call 2 216 "$finish" {0 0 0};
    %end;
    .thread T_12;
# The file index is used to find the file name in the following table.
:file_names 3;
    "N/A";
    "<interactive>";
    "proj4.v";
